<?xml version="1.0" encoding="UTF-8"?>
<testsuites name="New Test Suite" time="119.111" tests="1" failures="0" errors="0">
   <testsuite name="New Test Suite" tests="1" failures="0" errors="0" time="119.111" skipped="0" timestamp="2023-01-06 09:21:31" hostname="loan.tran - localhost" id="Test Suites/New Test Suite">
      <properties>
         <property name="deviceName" value=""/>
         <property name="devicePlatform" value=""/>
         <property name="logFolder" value="/Users/loan.tran/Downloads/test/Reports/20230106_092113/New Test Suite/20230106_092113"/>
         <property name="logFiles" value="/Users/loan.tran/Downloads/test/Reports/20230106_092113/New Test Suite/20230106_092113/execution0.log"/>
         <property name="attachments" value=""/>
         <property name="hostName" value="loan.tran - localhost"/>
         <property name="os" value="Mac OS X 64bit"/>
         <property name="katalonVersion" value="8.5.5.208"/>
         <property name="browser" value="Chrome 106.0.0.0"/>
         <property name="hostAddress" value="127.0.0.1"/>
         <property name="sessionId" value="aecf1032195d93517ff5b050bfc0c03c"/>
         <property name="seleniumVersion" value="3.141.59"/>
         <property name="proxyInformation" value="ProxyInformation { proxyOption=NO_PROXY, proxyServerType=HTTP, username=, password=********, proxyServerAddress=, proxyServerPort=0, executionList=&quot;&quot;, isApplyToDesiredCapabilities=true }"/>
         <property name="platform" value="Mac OS X"/>
      </properties>
      <testcase name="Test Cases/New Test Case" time="118.673" classname="Test Cases/New Test Case" status="PASSED">
         <system-out><![CDATA[2023-01-06 09:21:32 - [TEST_CASE][PASSED] - Test Cases/New Test Case: Test Cases/New Test Case

2023-01-06 09:21:32 - [TEST_STEP][PASSED] - openBrowser("https://webapp-attack-2.azurewebsites.net"): Browser is opened with url: 'https://webapp-attack-2.azurewebsites.net'

2023-01-06 09:21:32 - [MESSAGE][INFO] - Starting 'Chrome' driver

2023-01-06 09:21:32 - [MESSAGE][INFO] - Action delay is set to 0 milliseconds

2023-01-06 09:23:21 - [MESSAGE][PASSED] - Browser is opened with url: 'https://webapp-attack-2.azurewebsites.net'

2023-01-06 09:23:21 - [TEST_STEP][PASSED] - maximizeWindow(): Current window maximized

2023-01-06 09:23:22 - [MESSAGE][PASSED] - Current window maximized

2023-01-06 09:23:22 - [TEST_STEP][PASSED] - click(findTestObject("Object Repository/Page_Welcome/a_Sign In")): Object: 'Object Repository/Page_Welcome/a_Sign In' is clicked on

2023-01-06 09:23:24 - [MESSAGE][PASSED] - Object: 'Object Repository/Page_Welcome/a_Sign In' is clicked on

2023-01-06 09:23:24 - [TEST_STEP][PASSED] - click(findTestObject("Object Repository/Page_login page/a_Register here")): Object: 'Object Repository/Page_login page/a_Register here' is clicked on

2023-01-06 09:23:25 - [MESSAGE][PASSED] - Object: 'Object Repository/Page_login page/a_Register here' is clicked on

2023-01-06 09:23:25 - [TEST_STEP][PASSED] - setText(findTestObject("Object Repository/Page_Sign up/input_Login here_email"), "test@test.com"): Text 'test@test.com' is set on object 'Object Repository/Page_Sign up/input_Login here_email'

2023-01-06 09:23:26 - [MESSAGE][PASSED] - Text 'test@test.com' is set on object 'Object Repository/Page_Sign up/input_Login here_email'

2023-01-06 09:23:26 - [TEST_STEP][PASSED] - setEncryptedText(findTestObject("Object Repository/Page_Sign up/input_Login here_password"), "tzH6RvlfSTg="): Text ****** has been set on object 'Object Repository/Page_Sign up/input_Login here_password'

2023-01-06 09:23:27 - [MESSAGE][PASSED] - Text ****** has been set on object 'Object Repository/Page_Sign up/input_Login here_password'

2023-01-06 09:23:27 - [TEST_STEP][PASSED] - setEncryptedText(findTestObject("Object Repository/Page_Sign up/input_Login here_cpassword"), "tzH6RvlfSTg="): Text ****** has been set on object 'Object Repository/Page_Sign up/input_Login here_cpassword'

2023-01-06 09:23:28 - [MESSAGE][PASSED] - Text ****** has been set on object 'Object Repository/Page_Sign up/input_Login here_cpassword'

2023-01-06 09:23:28 - [TEST_STEP][PASSED] - waitForElementVisible(findTestObject("Object Repository/Page_Sign up/input"), 5): Object 'Object Repository/Page_Sign up/input' is visible

2023-01-06 09:23:28 - [MESSAGE][PASSED] - Object 'Object Repository/Page_Sign up/input' is visible

2023-01-06 09:23:28 - [TEST_STEP][PASSED] - click(findTestObject("Object Repository/Page_Sign up/input")): Object: 'Object Repository/Page_Sign up/input' is clicked on

2023-01-06 09:23:30 - [MESSAGE][PASSED] - Object: 'Object Repository/Page_Sign up/input' is clicked on

2023-01-06 09:23:30 - [TEST_STEP][PASSED] - closeBrowser(): Browser is closed

2023-01-06 09:23:30 - [MESSAGE][PASSED] - Browser is closed

2023-01-06 09:23:30 - [TEST_STEP][PASSED] - Video: Video recording for test case 'Test Cases/New Test Case' .

2023-01-06 09:23:30 - [MESSAGE][INFO] - Video recording for test case 'Test Cases/New Test Case' .]]></system-out>
         <system-err><![CDATA[]]></system-err>
      </testcase>
      <system-out><![CDATA[2023-01-06 09:21:31 - [TEST_SUITE][PASSED] - New Test Suite: Test Cases/New Test Case]]></system-out>
      <system-err><![CDATA[]]></system-err>
   </testsuite>
</testsuites>
