<?xml version="1.0" encoding="UTF-8"?>
<testsuites name="New Test Suite" time="110.814" tests="1" failures="0" errors="0">
   <testsuite name="New Test Suite" tests="1" failures="0" errors="0" time="110.814" skipped="0" timestamp="2023-01-07 14:38:18" hostname="loan.tran - 192.168.1.5" id="Test Suites/New Test Suite">
      <properties>
         <property name="deviceName" value=""/>
         <property name="devicePlatform" value=""/>
         <property name="logFolder" value="/Users/loan.tran/Downloads/test/Reports/20230107_143758/New Test Suite/20230107_143808"/>
         <property name="logFiles" value="/Users/loan.tran/Downloads/test/Reports/20230107_143758/New Test Suite/20230107_143808/execution0.log"/>
         <property name="attachments" value=""/>
         <property name="hostName" value="loan.tran - 192.168.1.5"/>
         <property name="os" value="Mac OS X 64bit"/>
         <property name="katalonVersion" value="8.5.5.208"/>
         <property name="browser" value="Chrome 106.0.0.0"/>
         <property name="hostAddress" value="192.168.1.5"/>
         <property name="sessionId" value="560e67190aeac092339b3e1b5bfacd6e"/>
         <property name="seleniumVersion" value="3.141.59"/>
         <property name="proxyInformation" value="ProxyInformation { proxyOption=NO_PROXY, proxyServerType=HTTP, username=, password=********, proxyServerAddress=, proxyServerPort=0, executionList=&quot;&quot;, isApplyToDesiredCapabilities=true }"/>
         <property name="platform" value="Mac OS X"/>
      </properties>
      <testcase name="Test Cases/New Test Case" time="110.326" classname="Test Cases/New Test Case" status="PASSED">
         <system-out><![CDATA[2023-01-07 14:38:18 - [TEST_CASE][PASSED] - Test Cases/New Test Case: Test Cases/New Test Case

2023-01-07 14:38:19 - [TEST_STEP][PASSED] - openBrowser("https://webapp-attack-2.azurewebsites.net"): Browser is opened with url: 'https://webapp-attack-2.azurewebsites.net'

2023-01-07 14:38:19 - [MESSAGE][INFO] - Starting 'Chrome' driver

2023-01-07 14:38:19 - [MESSAGE][INFO] - Action delay is set to 0 milliseconds

2023-01-07 14:40:00 - [MESSAGE][PASSED] - Browser is opened with url: 'https://webapp-attack-2.azurewebsites.net'

2023-01-07 14:40:00 - [TEST_STEP][PASSED] - maximizeWindow(): Current window maximized

2023-01-07 14:40:00 - [MESSAGE][PASSED] - Current window maximized

2023-01-07 14:40:00 - [TEST_STEP][PASSED] - click(findTestObject("Object Repository/Page_Welcome/a_Sign In")): Object: 'Object Repository/Page_Welcome/a_Sign In' is clicked on

2023-01-07 14:40:03 - [MESSAGE][PASSED] - Object: 'Object Repository/Page_Welcome/a_Sign In' is clicked on

2023-01-07 14:40:03 - [TEST_STEP][PASSED] - click(findTestObject("Object Repository/Page_login page/a_Register here")): Object: 'Object Repository/Page_login page/a_Register here' is clicked on

2023-01-07 14:40:04 - [MESSAGE][PASSED] - Object: 'Object Repository/Page_login page/a_Register here' is clicked on

2023-01-07 14:40:04 - [TEST_STEP][PASSED] - setText(findTestObject("Object Repository/Page_Sign up/input_Login here_email"), "test@test.com"): Text 'test@test.com' is set on object 'Object Repository/Page_Sign up/input_Login here_email'

2023-01-07 14:40:06 - [MESSAGE][PASSED] - Text 'test@test.com' is set on object 'Object Repository/Page_Sign up/input_Login here_email'

2023-01-07 14:40:06 - [TEST_STEP][PASSED] - setEncryptedText(findTestObject("Object Repository/Page_Sign up/input_Login here_password"), "tzH6RvlfSTg="): Text ****** has been set on object 'Object Repository/Page_Sign up/input_Login here_password'

2023-01-07 14:40:06 - [MESSAGE][PASSED] - Text ****** has been set on object 'Object Repository/Page_Sign up/input_Login here_password'

2023-01-07 14:40:06 - [TEST_STEP][PASSED] - setEncryptedText(findTestObject("Object Repository/Page_Sign up/input_Login here_cpassword"), "tzH6RvlfSTg="): Text ****** has been set on object 'Object Repository/Page_Sign up/input_Login here_cpassword'

2023-01-07 14:40:06 - [MESSAGE][PASSED] - Text ****** has been set on object 'Object Repository/Page_Sign up/input_Login here_cpassword'

2023-01-07 14:40:06 - [TEST_STEP][PASSED] - waitForElementVisible(findTestObject("Object Repository/Page_Sign up/input"), 5): Object 'Object Repository/Page_Sign up/input' is visible

2023-01-07 14:40:07 - [MESSAGE][PASSED] - Object 'Object Repository/Page_Sign up/input' is visible

2023-01-07 14:40:07 - [TEST_STEP][PASSED] - click(findTestObject("Object Repository/Page_Sign up/input")): Object: 'Object Repository/Page_Sign up/input' is clicked on

2023-01-07 14:40:09 - [MESSAGE][PASSED] - Object: 'Object Repository/Page_Sign up/input' is clicked on

2023-01-07 14:40:09 - [TEST_STEP][PASSED] - closeBrowser(): Browser is closed

2023-01-07 14:40:09 - [MESSAGE][PASSED] - Browser is closed

2023-01-07 14:40:09 - [TEST_STEP][PASSED] - Video: Video recording for test case 'Test Cases/New Test Case' .

2023-01-07 14:40:09 - [MESSAGE][INFO] - Video recording for test case 'Test Cases/New Test Case' .]]></system-out>
         <system-err><![CDATA[]]></system-err>
      </testcase>
      <system-out><![CDATA[2023-01-07 14:38:18 - [TEST_SUITE][PASSED] - New Test Suite: Test Cases/New Test Case]]></system-out>
      <system-err><![CDATA[]]></system-err>
   </testsuite>
</testsuites>
